[debug] [2022-11-10T12:40:16.856Z] ----------------------------------------------------------------------
[debug] [2022-11-10T12:40:16.860Z] Command:       C:\Program Files\nodejs\node.exe C:\Users\ahamm\AppData\Roaming\npm\node_modules\firebase-tools\lib\bin\firebase.js init
[debug] [2022-11-10T12:40:16.861Z] CLI Version:   11.14.4
[debug] [2022-11-10T12:40:16.861Z] Platform:      win32
[debug] [2022-11-10T12:40:16.861Z] Node Version:  v16.15.1
[debug] [2022-11-10T12:40:16.867Z] Time:          Thu Nov 10 2022 18:40:16 GMT+0600 (Bangladesh Standard Time)
[debug] [2022-11-10T12:40:16.868Z] ----------------------------------------------------------------------
[debug] 
[debug] [2022-11-10T12:40:16.872Z] >>> [apiv2][query] GET https://firebase-public.firebaseio.com/cli.json [none]
[debug] [2022-11-10T12:40:16.893Z] > command requires scopes: ["email","openid","https://www.googleapis.com/auth/cloudplatformprojects.readonly","https://www.googleapis.com/auth/firebase","https://www.googleapis.com/auth/cloud-platform"]
[debug] [2022-11-10T12:40:16.893Z] > authorizing via signed-in user (ahammedimtius098@gmail.com)
[info] 
     ######## #### ########  ######## ########     ###     ######  ########
     ##        ##  ##     ## ##       ##     ##  ##   ##  ##       ##
     ######    ##  ########  ######   ########  #########  ######  ######
     ##        ##  ##    ##  ##       ##     ## ##     ##       ## ##
     ##       #### ##     ## ######## ########  ##     ##  ######  ########

You're about to initialize a Firebase project in this directory:

  C:\projects\pictorialbd-photography-server

Before we get started, keep in mind:

  * You are currently outside your home directory

[debug] [2022-11-10T12:40:17.649Z] <<< [apiv2][status] GET https://firebase-public.firebaseio.com/cli.json 200
[debug] [2022-11-10T12:40:17.649Z] <<< [apiv2][body] GET https://firebase-public.firebaseio.com/cli.json {"cloudBuildErrorAfter":1594252800000,"cloudBuildWarnAfter":1590019200000,"defaultNode10After":1594252800000,"minVersion":"3.0.5","node8DeploysDisabledAfter":1613390400000,"node8RuntimeDisabledAfter":1615809600000,"node8WarnAfter":1600128000000}
[info] 
=== Project Setup
[info] 
[info] First, let's associate this project directory with a Firebase project.
[info] You can create multiple project aliases by running firebase use --add, 
[info] but for now we'll just set up a default project.
[info] 
[debug] [2022-11-10T12:41:08.030Z] > refreshing access token with scopes: []
[debug] [2022-11-10T12:41:08.031Z] >>> [apiv2][query] POST https://www.googleapis.com/oauth2/v3/token [none]
[debug] [2022-11-10T12:41:08.032Z] >>> [apiv2][body] POST https://www.googleapis.com/oauth2/v3/token [omitted]
[debug] [2022-11-10T12:41:08.338Z] <<< [apiv2][status] POST https://www.googleapis.com/oauth2/v3/token 200
[debug] [2022-11-10T12:41:08.338Z] <<< [apiv2][body] POST https://www.googleapis.com/oauth2/v3/token [omitted]
[debug] [2022-11-10T12:41:08.344Z] >>> [apiv2][query] GET https://firebase.googleapis.com/v1beta1/projects pageSize=100
[debug] [2022-11-10T12:41:09.323Z] <<< [apiv2][status] GET https://firebase.googleapis.com/v1beta1/projects 200
[debug] [2022-11-10T12:41:09.323Z] <<< [apiv2][body] GET https://firebase.googleapis.com/v1beta1/projects [omitted]
